2023-08-27 12:09:45,064 DEBUG: This is a debug message: TEXT TEST 6789 [in /home/jack/Desktop/ProcessDirectory/outline.py:54]
2023-08-27 12:09:45,065 DEBUG: This is a debug message: TEXT TEST abcd [in /home/jack/Desktop/ProcessDirectory/outline.py:56]
2023-08-27 12:09:54,614 DEBUG: Keyword searched: FINAL [in /home/jack/Desktop/ProcessDirectory/outline.py:341]
2023-08-27 12:12:13,783 DEBUG: Keyword searched: FINAL [in /home/jack/Desktop/ProcessDirectory/outline.py:341]
2023-08-27 13:28:08,412 DEBUG: This is a debug message: TEXT TEST 6789 [in /home/jack/Desktop/ProcessDirectory/outline.py:54]
2023-08-27 13:28:08,412 DEBUG: This is a debug message: TEXT TEST abcd [in /home/jack/Desktop/ProcessDirectory/outline.py:56]
2023-08-27 13:39:19,728 DEBUG: This is a debug message: TEXT TEST 6789 [in /home/jack/Desktop/ProcessDirectory/outline.py:54]
2023-08-27 13:39:19,729 DEBUG: This is a debug message: TEXT TEST abcd [in /home/jack/Desktop/ProcessDirectory/outline.py:56]
2023-08-27 13:41:04,363 DEBUG: This is a debug message: TEXT TEST 6789 [in /home/jack/Desktop/ProcessDirectory/outline.py:54]
2023-08-27 13:41:04,363 DEBUG: This is a debug message: TEXT TEST abcd [in /home/jack/Desktop/ProcessDirectory/outline.py:56]
2023-08-27 13:41:41,000 DEBUG: This is a debug message: TEXT TEST 6789 [in /home/jack/Desktop/ProcessDirectory/outline.py:54]
2023-08-27 13:41:41,000 DEBUG: This is a debug message: TEXT TEST abcd [in /home/jack/Desktop/ProcessDirectory/outline.py:56]
2023-08-27 13:42:00,517 DEBUG: This is a debug message: TEXT TEST 6789 [in outline.py:54]
2023-08-27 13:42:00,517 DEBUG: This is a debug message: TEXT TEST abcd [in outline.py:56]
2023-08-27 13:48:00,690 DEBUG: Keyword searched: Aug [in /home/jack/Desktop/ProcessDirectory/outline.py:349]
2023-08-27 13:50:51,390 DEBUG: This is a debug message: TEXT TEST 6789 [in /home/jack/Desktop/ProcessDirectory/outline.py:53]
2023-08-27 13:50:51,396 DEBUG: This is a debug message: TEXT TEST abcd [in /home/jack/Desktop/ProcessDirectory/outline.py:55]
2023-08-27 13:57:08,787 DEBUG: This is a debug message: TEXT TEST 6789 [in /home/jack/Desktop/ProcessDirectory/outline.py:53]
2023-08-27 13:57:08,788 DEBUG: This is a debug message: TEXT TEST abcd [in /home/jack/Desktop/ProcessDirectory/outline.py:55]
2023-08-27 13:57:37,833 DEBUG: This is a debug message: TEXT TEST 6789 [in /home/jack/Desktop/ProcessDirectory/outline.py:53]
2023-08-27 13:57:37,834 DEBUG: This is a debug message: TEXT TEST abcd [in /home/jack/Desktop/ProcessDirectory/outline.py:55]
2023-08-27 14:03:18,682 DEBUG: Keyword searched: start [in /home/jack/Desktop/ProcessDirectory/outline.py:361]
2023-08-27 14:03:28,197 DEBUG: Keyword searched: Start [in /home/jack/Desktop/ProcessDirectory/outline.py:361]
2023-08-27 14:05:04,249 DEBUG: This is a debug message: TEXT TEST 6789 [in /home/jack/Desktop/ProcessDirectory/outline.py:53]
2023-08-27 14:05:04,250 DEBUG: This is a debug message: TEXT TEST abcd [in /home/jack/Desktop/ProcessDirectory/outline.py:55]
2023-08-27 14:05:17,588 DEBUG: Keyword searched: Aug [in /home/jack/Desktop/ProcessDirectory/outline.py:362]
2023-08-27 14:10:59,332 DEBUG: This is a debug message: TEXT TEST 6789 [in /home/jack/Desktop/ProcessDirectory/outline.py:53]
2023-08-27 14:10:59,332 DEBUG: This is a debug message: TEXT TEST abcd [in /home/jack/Desktop/ProcessDirectory/outline.py:55]
2023-08-27 14:11:03,002 DEBUG: Keyword searched: Aug [in /home/jack/Desktop/ProcessDirectory/outline.py:361]
2023-08-27 14:11:10,697 DEBUG: Keyword searched: Aug [in /home/jack/Desktop/ProcessDirectory/outline.py:361]
2023-08-27 14:11:31,317 DEBUG: Keyword searched: app [in /home/jack/Desktop/ProcessDirectory/outline.py:361]
2023-08-27 14:14:01,040 DEBUG: This is a debug message: TEXT TEST 6789 [in /home/jack/Desktop/ProcessDirectory/outline.py:53]
2023-08-27 14:14:01,041 DEBUG: This is a debug message: TEXT TEST abcd [in /home/jack/Desktop/ProcessDirectory/outline.py:55]
2023-08-27 14:14:06,335 DEBUG: Keyword searched: app [in /home/jack/Desktop/ProcessDirectory/outline.py:362]
2023-08-27 14:14:08,296 DEBUG: Keyword searched: app [in /home/jack/Desktop/ProcessDirectory/outline.py:362]
2023-08-27 14:14:13,116 DEBUG: Keyword searched: app [in /home/jack/Desktop/ProcessDirectory/outline.py:362]
2023-08-27 14:18:28,032 DEBUG: This is a debug message: TEXT TEST 6789 [in /home/jack/Desktop/ProcessDirectory/outline.py:53]
2023-08-27 14:18:28,033 DEBUG: This is a debug message: TEXT TEST abcd [in /home/jack/Desktop/ProcessDirectory/outline.py:55]
2023-08-27 14:20:51,405 DEBUG: This is a debug message: TEXT TEST 6789 [in /home/jack/Desktop/ProcessDirectory/outline.py:53]
2023-08-27 14:20:51,409 DEBUG: This is a debug message: TEXT TEST abcd [in /home/jack/Desktop/ProcessDirectory/outline.py:55]
